<?xml version="1.0" encoding="UTF-8"?>
<robot generator="Robot 6.1.1 (Python 3.11.5 on win32)" generated="20230926 13:43:31.785" rpa="false" schemaversion="4">
<suite id="s1" name="loginHRM" source="c:\Users\MAJDI TRABELSI\OneDrive\Desktop\Séance2\loginHRM.robot">
<test id="s1-t1" name="tc01 Login test" line="12">
<kw name="Open Browser" library="SeleniumLibrary">
<arg>${url}</arg>
<arg>${browser}</arg>
<doc>Opens a new browser instance to the optional ``url``.</doc>
<msg timestamp="20230926 13:43:32.132" level="INFO">Opening browser 'edge' to base url 'https://opensource-demo.orangehrmlive.com/web/index.php/auth/login'.</msg>
<msg timestamp="20230926 13:43:33.368" level="WARN">The msedgedriver version (116.0.1938.76) detected in PATH at C:\Users\MAJDI TRABELSI\AppData\Local\Programs\Python\Python311\Scripts\msedgedriver.exe might not be compatible with the detected edge version (117.0.2045.41); currently, msedgedriver 117.0.2045.43 is recommended for edge 117.*, so it is advised to delete the driver in PATH and retry</msg>
<status status="PASS" starttime="20230926 13:43:32.132" endtime="20230926 13:43:37.464"/>
</kw>
<kw name="Maximize Browser Window" library="SeleniumLibrary">
<doc>Maximizes current browser window.</doc>
<status status="PASS" starttime="20230926 13:43:37.465" endtime="20230926 13:43:37.582"/>
</kw>
<kw name="Sleep" library="BuiltIn">
<arg>4</arg>
<doc>Pauses the test executed for the given time.</doc>
<msg timestamp="20230926 13:43:41.584" level="INFO">Slept 4 seconds</msg>
<status status="PASS" starttime="20230926 13:43:37.582" endtime="20230926 13:43:41.584"/>
</kw>
<kw name="Input Text" library="SeleniumLibrary">
<arg>name:username</arg>
<arg>${username}</arg>
<doc>Types the given ``text`` into the text field identified by ``locator``.</doc>
<msg timestamp="20230926 13:43:41.587" level="INFO">Typing text 'Admin' into text field 'name:username'.</msg>
<status status="PASS" starttime="20230926 13:43:41.586" endtime="20230926 13:43:41.687"/>
</kw>
<kw name="Input Password" library="SeleniumLibrary">
<arg>name:password</arg>
<arg>${password}</arg>
<doc>Types the given password into the text field identified by ``locator``.</doc>
<msg timestamp="20230926 13:43:41.688" level="INFO">Typing password into text field 'name:password'.</msg>
<msg timestamp="20230926 13:43:41.721" level="INFO">Temporally setting log level to: NONE</msg>
<msg timestamp="20230926 13:43:41.799" level="INFO">Log level changed from NONE to INFO.</msg>
<status status="PASS" starttime="20230926 13:43:41.687" endtime="20230926 13:43:41.799"/>
</kw>
<kw name="Click Button" library="SeleniumLibrary">
<arg>class:oxd-button</arg>
<doc>Clicks the button identified by ``locator``.</doc>
<msg timestamp="20230926 13:43:41.801" level="INFO">Clicking button 'class:oxd-button'.</msg>
<status status="PASS" starttime="20230926 13:43:41.800" endtime="20230926 13:43:42.842"/>
</kw>
<kw name="Sleep" library="BuiltIn">
<arg>4</arg>
<doc>Pauses the test executed for the given time.</doc>
<msg timestamp="20230926 13:43:46.844" level="INFO">Slept 4 seconds</msg>
<status status="PASS" starttime="20230926 13:43:42.842" endtime="20230926 13:43:46.844"/>
</kw>
<kw name="Element Text Should Be" library="SeleniumLibrary">
<arg>XPath://*[@id="app"]/div[1]/div[1]/header/div[1]/div[1]/span/h6</arg>
<arg>Dashboard</arg>
<doc>Verifies that element ``locator`` contains exact the text ``expected``.</doc>
<msg timestamp="20230926 13:43:46.848" level="INFO">Verifying element 'XPath://*[@id="app"]/div[1]/div[1]/header/div[1]/div[1]/span/h6' contains exact text 'Dashboard'.</msg>
<status status="PASS" starttime="20230926 13:43:46.845" endtime="20230926 13:43:46.883"/>
</kw>
<kw name="Click Element" library="SeleniumLibrary">
<arg>xpath://p[@class="oxd-userdropdown-name"]</arg>
<doc>Click the element identified by ``locator``.</doc>
<msg timestamp="20230926 13:43:46.885" level="INFO">Clicking element 'xpath://p[@class="oxd-userdropdown-name"]'.</msg>
<status status="PASS" starttime="20230926 13:43:46.885" endtime="20230926 13:43:46.941"/>
</kw>
<kw name="Sleep" library="BuiltIn">
<arg>4</arg>
<doc>Pauses the test executed for the given time.</doc>
<msg timestamp="20230926 13:43:50.943" level="INFO">Slept 4 seconds</msg>
<status status="PASS" starttime="20230926 13:43:46.942" endtime="20230926 13:43:50.943"/>
</kw>
<kw name="Click Element" library="SeleniumLibrary">
<arg>link:Logout</arg>
<doc>Click the element identified by ``locator``.</doc>
<msg timestamp="20230926 13:43:50.945" level="INFO">Clicking element 'link:Logout'.</msg>
<status status="PASS" starttime="20230926 13:43:50.944" endtime="20230926 13:43:51.579"/>
</kw>
<kw name="Sleep" library="BuiltIn">
<arg>4</arg>
<doc>Pauses the test executed for the given time.</doc>
<msg timestamp="20230926 13:43:55.580" level="INFO">Slept 4 seconds</msg>
<status status="PASS" starttime="20230926 13:43:51.579" endtime="20230926 13:43:55.580"/>
</kw>
<kw name="Element Should Be Visible" library="SeleniumLibrary">
<arg>class:oxd-button</arg>
<doc>Verifies that the element identified by ``locator`` is visible.</doc>
<msg timestamp="20230926 13:43:55.610" level="INFO">Element 'class:oxd-button' is displayed.</msg>
<status status="PASS" starttime="20230926 13:43:55.581" endtime="20230926 13:43:55.610"/>
</kw>
<kw name="Sleep" library="BuiltIn">
<arg>4</arg>
<doc>Pauses the test executed for the given time.</doc>
<msg timestamp="20230926 13:43:59.611" level="INFO">Slept 4 seconds</msg>
<status status="PASS" starttime="20230926 13:43:55.611" endtime="20230926 13:43:59.611"/>
</kw>
<kw name="Close Browser" library="SeleniumLibrary">
<doc>Closes the current browser.</doc>
<status status="PASS" starttime="20230926 13:43:59.613" endtime="20230926 13:44:02.104"/>
</kw>
<status status="PASS" starttime="20230926 13:43:32.130" endtime="20230926 13:44:02.105"/>
</test>
<status status="PASS" starttime="20230926 13:43:31.792" endtime="20230926 13:44:02.108"/>
</suite>
<statistics>
<total>
<stat pass="1" fail="0" skip="0">All Tests</stat>
</total>
<tag>
</tag>
<suite>
<stat pass="1" fail="0" skip="0" id="s1" name="loginHRM">loginHRM</stat>
</suite>
</statistics>
<errors>
<msg timestamp="20230926 13:43:33.368" level="WARN">The msedgedriver version (116.0.1938.76) detected in PATH at C:\Users\MAJDI TRABELSI\AppData\Local\Programs\Python\Python311\Scripts\msedgedriver.exe might not be compatible with the detected edge version (117.0.2045.41); currently, msedgedriver 117.0.2045.43 is recommended for edge 117.*, so it is advised to delete the driver in PATH and retry</msg>
</errors>
</robot>
